0 info it worked if it ends with ok
1 verbose cli [ '/usr/local/bin/node', '/usr/local/bin/npm', 'start' ]
2 info using npm@2.0.0
3 info using node@v0.11.14
4 verbose run-script [ 'prestart', 'start', 'poststart' ]
5 info prestart store-api@1.0.0
6 info start store-api@1.0.0
7 verbose unsafe-perm in lifecycle true
8 info store-api@1.0.0 Failed to exec start script
9 verbose stack Error: Exit status 1
9 verbose stack     at ChildProcess.<anonymous> (/usr/local/lib/node_modules/npm/lib/utils/lifecycle.js:212:16)
9 verbose stack     at ChildProcess.emit (events.js:110:17)
9 verbose stack     at maybeClose (child_process.js:1000:16)
9 verbose stack     at Process.ChildProcess._handle.onexit (child_process.js:1072:5)
10 verbose pkgid store-api@1.0.0
11 verbose cwd /Users/michaelpascual/Documents/emberWork/mvp/store-api
12 error Darwin 13.4.0
13 error argv "/usr/local/bin/node" "/usr/local/bin/npm" "start"
14 error node v0.11.14
15 error npm  v2.0.0
16 error code ELIFECYCLE
17 error store-api@1.0.0 start: `node --harmony `which gulp``
17 error Exit status 1
18 error Failed at the store-api@1.0.0 start script.
18 error This is most likely a problem with the store-api package,
18 error not with npm itself.
18 error Tell the author that this fails on your system:
18 error     node --harmony `which gulp`
18 error You can get their info via:
18 error     npm owner ls store-api
18 error There is likely additional logging output above.
19 verbose exit [ 1, true ]
